<?xml version="1.0" encoding="UTF-8"?>
<!-- Generated by org.testng.reporters.JUnitReportReporter -->
<testsuite hostname="LMMUMLP1091" failures="0" tests="1" name="Day2.E2E_Appium" time="29.923" errors="0" timestamp="2024-02-05T17:47:45 IST" skipped="0">
  <testcase classname="Day2.E2E_Appium" name="Test" time="29.923"/>
</testsuite> <!-- Day2.E2E_Appium -->
